2018-03-28 00:18:09,264 WARN org.apache.hadoop.util.NativeCodeLoader: Unable to load native-hadoop library for your platform... using builtin-java classes where applicable
2018-03-28 00:18:10,440 INFO org.apache.hadoop.conf.Configuration.deprecation: session.id is deprecated. Instead, use dfs.metrics.session-id
2018-03-28 00:18:10,454 INFO org.apache.hadoop.metrics.jvm.JvmMetrics: Initializing JVM Metrics with processName=JobTracker, sessionId=
2018-03-28 00:18:11,605 WARN org.apache.hadoop.mapreduce.JobResourceUploader: No job jar file set.  User classes may not be found. See Job or Job#setJar(String).
2018-03-28 00:18:11,636 INFO org.apache.hadoop.mapreduce.lib.input.FileInputFormat: Total input paths to process : 1
2018-03-28 00:18:11,827 INFO org.apache.hadoop.mapreduce.JobSubmitter: number of splits:1
2018-03-28 00:18:12,532 INFO org.apache.hadoop.mapreduce.JobSubmitter: Submitting tokens for job: job_local2065354376_0001
2018-03-28 00:18:13,519 INFO org.apache.hadoop.mapreduce.Job: The url to track the job: http://localhost:8080/
2018-03-28 00:18:13,521 INFO org.apache.hadoop.mapreduce.Job: Running job: job_local2065354376_0001
2018-03-28 00:18:13,551 INFO org.apache.hadoop.mapred.LocalJobRunner: OutputCommitter set in config null
2018-03-28 00:18:13,579 INFO org.apache.hadoop.mapreduce.lib.output.FileOutputCommitter: File Output Committer Algorithm version is 1
2018-03-28 00:18:13,595 INFO org.apache.hadoop.mapred.LocalJobRunner: OutputCommitter is org.apache.hadoop.mapreduce.lib.output.FileOutputCommitter
2018-03-28 00:18:13,890 INFO org.apache.hadoop.mapred.LocalJobRunner: Waiting for map tasks
2018-03-28 00:18:13,892 INFO org.apache.hadoop.mapred.LocalJobRunner: Starting task: attempt_local2065354376_0001_m_000000_0
2018-03-28 00:18:14,035 INFO org.apache.hadoop.mapreduce.lib.output.FileOutputCommitter: File Output Committer Algorithm version is 1
2018-03-28 00:18:14,115 INFO org.apache.hadoop.mapred.Task:  Using ResourceCalculatorProcessTree : [ ]
2018-03-28 00:18:14,142 INFO org.apache.hadoop.mapred.MapTask: Processing split: file:/home/cloudera/workspace/WordCount/soc-LiveJournal1Adj.txt:0+4156181
2018-03-28 00:18:14,482 INFO org.apache.hadoop.mapred.MapTask: (EQUATOR) 0 kvi 26214396(104857584)
2018-03-28 00:18:14,483 INFO org.apache.hadoop.mapred.MapTask: mapreduce.task.io.sort.mb: 100
2018-03-28 00:18:14,483 INFO org.apache.hadoop.mapred.MapTask: soft limit at 83886080
2018-03-28 00:18:14,483 INFO org.apache.hadoop.mapred.MapTask: bufstart = 0; bufvoid = 104857600
2018-03-28 00:18:14,483 INFO org.apache.hadoop.mapred.MapTask: kvstart = 26214396; length = 6553600
2018-03-28 00:18:14,551 INFO org.apache.hadoop.mapreduce.Job: Job job_local2065354376_0001 running in uber mode : false
2018-03-28 00:18:14,552 INFO org.apache.hadoop.mapreduce.Job:  map 0% reduce 0%
2018-03-28 00:18:14,563 INFO org.apache.hadoop.mapred.MapTask: Map output collector class = org.apache.hadoop.mapred.MapTask$MapOutputBuffer
2018-03-28 00:18:19,520 INFO org.apache.hadoop.mapred.MapTask: Spilling map output
2018-03-28 00:18:19,521 INFO org.apache.hadoop.mapred.MapTask: bufstart = 0; bufend = 38261427; bufvoid = 104857600
2018-03-28 00:18:19,521 INFO org.apache.hadoop.mapred.MapTask: kvstart = 26214396(104857584); kvend = 14808240(59232960); length = 11406157/6553600
2018-03-28 00:18:19,521 INFO org.apache.hadoop.mapred.MapTask: (EQUATOR) 48747185 kvi 12186792(48747168)
2018-03-28 00:18:20,110 INFO org.apache.hadoop.mapred.LocalJobRunner: map > map
2018-03-28 00:18:20,572 INFO org.apache.hadoop.mapreduce.Job:  map 6% reduce 0%
2018-03-28 00:18:23,111 INFO org.apache.hadoop.mapred.LocalJobRunner: map > map
2018-03-28 00:18:23,574 INFO org.apache.hadoop.mapreduce.Job:  map 7% reduce 0%
2018-03-28 00:18:26,112 INFO org.apache.hadoop.mapred.LocalJobRunner: map > map
2018-03-28 00:18:29,113 INFO org.apache.hadoop.mapred.LocalJobRunner: map > map
2018-03-28 00:18:31,808 INFO org.apache.hadoop.mapred.MapTask: Finished spill 0
2018-03-28 00:18:31,817 INFO org.apache.hadoop.mapred.MapTask: (RESET) equator 48747185 kv 12186792(48747168) kvi 9565364(38261456)
2018-03-28 00:18:32,115 INFO org.apache.hadoop.mapred.LocalJobRunner: map > map
2018-03-28 00:18:35,115 INFO org.apache.hadoop.mapred.LocalJobRunner: map > map
2018-03-28 00:18:35,417 INFO org.apache.hadoop.mapred.MapTask: Spilling map output
2018-03-28 00:18:35,417 INFO org.apache.hadoop.mapred.MapTask: bufstart = 48747185; bufend = 87018580; bufvoid = 104857600
2018-03-28 00:18:35,417 INFO org.apache.hadoop.mapred.MapTask: kvstart = 12186792(48747168); kvend = 783124(3132496); length = 11403669/6553600
2018-03-28 00:18:35,418 INFO org.apache.hadoop.mapred.MapTask: (EQUATOR) 97504330 kvi 24376076(97504304)
2018-03-28 00:18:35,592 INFO org.apache.hadoop.mapreduce.Job:  map 10% reduce 0%
2018-03-28 00:18:38,117 INFO org.apache.hadoop.mapred.LocalJobRunner: map > map
2018-03-28 00:18:38,593 INFO org.apache.hadoop.mapreduce.Job:  map 12% reduce 0%
2018-03-28 00:18:41,118 INFO org.apache.hadoop.mapred.LocalJobRunner: map > map
2018-03-28 00:18:44,118 INFO org.apache.hadoop.mapred.LocalJobRunner: map > map
2018-03-28 00:18:45,885 INFO org.apache.hadoop.mapred.MapTask: Finished spill 1
2018-03-28 00:18:45,891 INFO org.apache.hadoop.mapred.MapTask: (RESET) equator 97504330 kv 24376076(97504304) kvi 21754652(87018608)
2018-03-28 00:18:47,119 INFO org.apache.hadoop.mapred.LocalJobRunner: map > map
2018-03-28 00:18:47,602 INFO org.apache.hadoop.mapreduce.Job:  map 14% reduce 0%
2018-03-28 00:18:48,648 INFO org.apache.hadoop.mapred.MapTask: Spilling map output
2018-03-28 00:18:48,648 INFO org.apache.hadoop.mapred.MapTask: bufstart = 97504330; bufend = 31003298; bufvoid = 104857595
2018-03-28 00:18:48,648 INFO org.apache.hadoop.mapred.MapTask: kvstart = 24376076(97504304); kvend = 12993704(51974816); length = 11382373/6553600
2018-03-28 00:18:48,648 INFO org.apache.hadoop.mapred.MapTask: (EQUATOR) 41489049 kvi 10372256(41489024)
2018-03-28 00:18:50,120 INFO org.apache.hadoop.mapred.LocalJobRunner: map > map
2018-03-28 00:18:50,603 INFO org.apache.hadoop.mapreduce.Job:  map 19% reduce 0%
2018-03-28 00:18:53,120 INFO org.apache.hadoop.mapred.LocalJobRunner: map > map
2018-03-28 00:18:56,121 INFO org.apache.hadoop.mapred.LocalJobRunner: map > map
2018-03-28 00:18:59,122 INFO org.apache.hadoop.mapred.LocalJobRunner: map > map
2018-03-28 00:19:02,381 INFO org.apache.hadoop.mapred.LocalJobRunner: map > map
2018-03-28 00:19:03,623 INFO org.apache.hadoop.mapred.MapTask: Finished spill 2
2018-03-28 00:19:03,626 INFO org.apache.hadoop.mapred.MapTask: (RESET) equator 41489049 kv 10372256(41489024) kvi 7750832(31003328)
2018-03-28 00:19:06,595 INFO org.apache.hadoop.mapred.MapTask: Spilling map output
2018-03-28 00:19:06,595 INFO org.apache.hadoop.mapred.MapTask: bufstart = 41489049; bufend = 79709347; bufvoid = 104857600
2018-03-28 00:19:06,595 INFO org.apache.hadoop.mapred.MapTask: kvstart = 10372256(41489024); kvend = 25170216(100680864); length = 11416441/6553600
2018-03-28 00:19:06,595 INFO org.apache.hadoop.mapred.MapTask: (EQUATOR) 90195097 kvi 22548768(90195072)
2018-03-28 00:19:08,382 INFO org.apache.hadoop.mapred.LocalJobRunner: map > map
2018-03-28 00:19:08,621 INFO org.apache.hadoop.mapreduce.Job:  map 27% reduce 0%
2018-03-28 00:19:11,382 INFO org.apache.hadoop.mapred.LocalJobRunner: map > map
2018-03-28 00:19:14,384 INFO org.apache.hadoop.mapred.LocalJobRunner: map > map
2018-03-28 00:19:16,112 INFO org.apache.hadoop.mapred.MapTask: Finished spill 3
2018-03-28 00:19:16,114 INFO org.apache.hadoop.mapred.MapTask: (RESET) equator 90195097 kv 22548768(90195072) kvi 19927344(79709376)
2018-03-28 00:19:17,385 INFO org.apache.hadoop.mapred.LocalJobRunner: map > map
2018-03-28 00:19:17,632 INFO org.apache.hadoop.mapreduce.Job:  map 30% reduce 0%
2018-03-28 00:19:18,756 INFO org.apache.hadoop.mapred.MapTask: Spilling map output
2018-03-28 00:19:18,757 INFO org.apache.hadoop.mapred.MapTask: bufstart = 90195097; bufend = 23669823; bufvoid = 104857600
2018-03-28 00:19:18,757 INFO org.apache.hadoop.mapred.MapTask: kvstart = 22548768(90195072); kvend = 11160336(44641344); length = 11388433/6553600
2018-03-28 00:19:18,757 INFO org.apache.hadoop.mapred.MapTask: (EQUATOR) 34155575 kvi 8538888(34155552)
2018-03-28 00:19:20,386 INFO org.apache.hadoop.mapred.LocalJobRunner: map > map
2018-03-28 00:19:20,634 INFO org.apache.hadoop.mapreduce.Job:  map 37% reduce 0%
2018-03-28 00:19:23,387 INFO org.apache.hadoop.mapred.LocalJobRunner: map > map
2018-03-28 00:19:26,388 INFO org.apache.hadoop.mapred.LocalJobRunner: map > map
2018-03-28 00:19:29,069 INFO org.apache.hadoop.mapred.MapTask: Finished spill 4
2018-03-28 00:19:29,070 INFO org.apache.hadoop.mapred.MapTask: (RESET) equator 34155575 kv 8538888(34155552) kvi 5917460(23669840)
2018-03-28 00:19:29,389 INFO org.apache.hadoop.mapred.LocalJobRunner: map > map
2018-03-28 00:19:29,638 INFO org.apache.hadoop.mapreduce.Job:  map 38% reduce 0%
2018-03-28 00:19:31,598 INFO org.apache.hadoop.mapred.MapTask: Spilling map output
2018-03-28 00:19:31,598 INFO org.apache.hadoop.mapred.MapTask: bufstart = 34155575; bufend = 72582111; bufvoid = 104857600
2018-03-28 00:19:31,598 INFO org.apache.hadoop.mapred.MapTask: kvstart = 8538888(34155552); kvend = 23388408(93553632); length = 11364881/6553600
2018-03-28 00:19:31,598 INFO org.apache.hadoop.mapred.MapTask: (EQUATOR) 83067863 kvi 20766960(83067840)
2018-03-28 00:19:32,389 INFO org.apache.hadoop.mapred.LocalJobRunner: map > map
2018-03-28 00:19:32,640 INFO org.apache.hadoop.mapreduce.Job:  map 45% reduce 0%
2018-03-28 00:19:35,390 INFO org.apache.hadoop.mapred.LocalJobRunner: map > map
2018-03-28 00:19:35,644 INFO org.apache.hadoop.mapreduce.Job:  map 46% reduce 0%
2018-03-28 00:19:38,394 INFO org.apache.hadoop.mapred.LocalJobRunner: map > map
2018-03-28 00:19:41,395 INFO org.apache.hadoop.mapred.LocalJobRunner: map > map
2018-03-28 00:19:41,442 INFO org.apache.hadoop.mapred.MapTask: Finished spill 5
2018-03-28 00:19:41,443 INFO org.apache.hadoop.mapred.MapTask: (RESET) equator 83067863 kv 20766960(83067840) kvi 18145532(72582128)
2018-03-28 00:19:44,307 INFO org.apache.hadoop.mapred.MapTask: Spilling map output
2018-03-28 00:19:44,320 INFO org.apache.hadoop.mapred.MapTask: bufstart = 83067863; bufend = 17323088; bufvoid = 104857600
2018-03-28 00:19:44,320 INFO org.apache.hadoop.mapred.MapTask: kvstart = 20766960(83067840); kvend = 9573656(38294624); length = 11193305/6553600
2018-03-28 00:19:44,320 INFO org.apache.hadoop.mapred.MapTask: (EQUATOR) 27808848 kvi 6952208(27808832)
2018-03-28 00:19:47,397 INFO org.apache.hadoop.mapred.LocalJobRunner: map > map
2018-03-28 00:19:47,664 INFO org.apache.hadoop.mapreduce.Job:  map 57% reduce 0%
2018-03-28 00:19:50,399 INFO org.apache.hadoop.mapred.LocalJobRunner: map > map
2018-03-28 00:19:53,399 INFO org.apache.hadoop.mapred.LocalJobRunner: map > map
2018-03-28 00:19:53,636 INFO org.apache.hadoop.mapred.MapTask: Finished spill 6
2018-03-28 00:19:53,637 INFO org.apache.hadoop.mapred.MapTask: (RESET) equator 27808848 kv 6952208(27808832) kvi 4330776(17323104)
2018-03-28 00:19:56,158 INFO org.apache.hadoop.mapred.MapTask: Spilling map output
2018-03-28 00:19:56,158 INFO org.apache.hadoop.mapred.MapTask: bufstart = 27808848; bufend = 66945541; bufvoid = 104857600
2018-03-28 00:19:56,159 INFO org.apache.hadoop.mapred.MapTask: kvstart = 6952208(27808832); kvend = 21979264(87917056); length = 11187345/6553600
2018-03-28 00:19:56,159 INFO org.apache.hadoop.mapred.MapTask: (EQUATOR) 77431290 kvi 19357816(77431264)
2018-03-28 00:19:59,402 INFO org.apache.hadoop.mapred.LocalJobRunner: map > map
2018-03-28 00:19:59,677 INFO org.apache.hadoop.mapreduce.Job:  map 65% reduce 0%
2018-03-28 00:20:02,403 INFO org.apache.hadoop.mapred.LocalJobRunner: map > map
2018-03-28 00:20:04,742 INFO org.apache.hadoop.mapred.MapTask: Finished spill 7
2018-03-28 00:20:04,743 INFO org.apache.hadoop.mapred.MapTask: (RESET) equator 77431290 kv 19357816(77431264) kvi 16736392(66945568)
2018-03-28 00:20:05,051 INFO org.apache.hadoop.mapred.LocalJobRunner: map > map
2018-03-28 00:20:05,052 INFO org.apache.hadoop.mapred.MapTask: Starting flush of map output
2018-03-28 00:20:05,053 INFO org.apache.hadoop.mapred.MapTask: Spilling map output
2018-03-28 00:20:05,053 INFO org.apache.hadoop.mapred.MapTask: bufstart = 77431290; bufend = 89815013; bufvoid = 104857600
2018-03-28 00:20:05,053 INFO org.apache.hadoop.mapred.MapTask: kvstart = 19357816(77431264); kvend = 15817720(63270880); length = 3540097/6553600
2018-03-28 00:20:05,404 INFO org.apache.hadoop.mapred.LocalJobRunner: map > sort
2018-03-28 00:20:05,682 INFO org.apache.hadoop.mapreduce.Job:  map 67% reduce 0%
2018-03-28 00:20:08,048 INFO org.apache.hadoop.mapred.MapTask: Finished spill 8
2018-03-28 00:20:08,072 INFO org.apache.hadoop.mapred.Merger: Merging 9 sorted segments
2018-03-28 00:20:08,139 INFO org.apache.hadoop.mapred.Merger: Down to the last merge-pass, with 9 segments left of total size: 367643165 bytes
2018-03-28 00:20:08,413 INFO org.apache.hadoop.mapred.LocalJobRunner: map > sort > 
2018-03-28 00:20:11,414 INFO org.apache.hadoop.mapred.LocalJobRunner: map > sort > 
2018-03-28 00:20:11,685 INFO org.apache.hadoop.mapreduce.Job:  map 68% reduce 0%
2018-03-28 00:20:14,414 INFO org.apache.hadoop.mapred.LocalJobRunner: map > sort > 
2018-03-28 00:20:14,687 INFO org.apache.hadoop.mapreduce.Job:  map 70% reduce 0%
2018-03-28 00:20:17,415 INFO org.apache.hadoop.mapred.LocalJobRunner: map > sort > 
2018-03-28 00:20:17,688 INFO org.apache.hadoop.mapreduce.Job:  map 71% reduce 0%
2018-03-28 00:20:20,416 INFO org.apache.hadoop.mapred.LocalJobRunner: map > sort > 
2018-03-28 00:20:20,691 INFO org.apache.hadoop.mapreduce.Job:  map 73% reduce 0%
2018-03-28 00:20:23,416 INFO org.apache.hadoop.mapred.LocalJobRunner: map > sort > 
2018-03-28 00:20:23,693 INFO org.apache.hadoop.mapreduce.Job:  map 75% reduce 0%
2018-03-28 00:20:26,416 INFO org.apache.hadoop.mapred.LocalJobRunner: map > sort > 
2018-03-28 00:20:26,694 INFO org.apache.hadoop.mapreduce.Job:  map 76% reduce 0%
2018-03-28 00:20:29,417 INFO org.apache.hadoop.mapred.LocalJobRunner: map > sort > 
2018-03-28 00:20:29,697 INFO org.apache.hadoop.mapreduce.Job:  map 78% reduce 0%
2018-03-28 00:20:32,418 INFO org.apache.hadoop.mapred.LocalJobRunner: map > sort > 
2018-03-28 00:20:32,699 INFO org.apache.hadoop.mapreduce.Job:  map 79% reduce 0%
2018-03-28 00:20:35,418 INFO org.apache.hadoop.mapred.LocalJobRunner: map > sort > 
2018-03-28 00:20:35,702 INFO org.apache.hadoop.mapreduce.Job:  map 81% reduce 0%
2018-03-28 00:20:38,420 INFO org.apache.hadoop.mapred.LocalJobRunner: map > sort > 
2018-03-28 00:20:38,704 INFO org.apache.hadoop.mapreduce.Job:  map 83% reduce 0%
2018-03-28 00:20:41,421 INFO org.apache.hadoop.mapred.LocalJobRunner: map > sort > 
2018-03-28 00:20:41,706 INFO org.apache.hadoop.mapreduce.Job:  map 84% reduce 0%
2018-03-28 00:20:44,421 INFO org.apache.hadoop.mapred.LocalJobRunner: map > sort > 
2018-03-28 00:20:44,707 INFO org.apache.hadoop.mapreduce.Job:  map 86% reduce 0%
2018-03-28 00:20:47,422 INFO org.apache.hadoop.mapred.LocalJobRunner: map > sort > 
2018-03-28 00:20:47,708 INFO org.apache.hadoop.mapreduce.Job:  map 87% reduce 0%
2018-03-28 00:20:50,422 INFO org.apache.hadoop.mapred.LocalJobRunner: map > sort > 
2018-03-28 00:20:50,710 INFO org.apache.hadoop.mapreduce.Job:  map 89% reduce 0%
2018-03-28 00:20:53,423 INFO org.apache.hadoop.mapred.LocalJobRunner: map > sort > 
2018-03-28 00:20:53,713 INFO org.apache.hadoop.mapreduce.Job:  map 90% reduce 0%
2018-03-28 00:20:56,423 INFO org.apache.hadoop.mapred.LocalJobRunner: map > sort > 
2018-03-28 00:20:56,715 INFO org.apache.hadoop.mapreduce.Job:  map 92% reduce 0%
2018-03-28 00:20:59,425 INFO org.apache.hadoop.mapred.LocalJobRunner: map > sort > 
2018-03-28 00:20:59,718 INFO org.apache.hadoop.mapreduce.Job:  map 93% reduce 0%
2018-03-28 00:21:02,427 INFO org.apache.hadoop.mapred.LocalJobRunner: map > sort > 
2018-03-28 00:21:02,720 INFO org.apache.hadoop.mapreduce.Job:  map 95% reduce 0%
2018-03-28 00:21:05,428 INFO org.apache.hadoop.mapred.LocalJobRunner: map > sort > 
2018-03-28 00:21:05,721 INFO org.apache.hadoop.mapreduce.Job:  map 96% reduce 0%
2018-03-28 00:21:08,428 INFO org.apache.hadoop.mapred.LocalJobRunner: map > sort > 
2018-03-28 00:21:08,726 INFO org.apache.hadoop.mapreduce.Job:  map 99% reduce 0%
2018-03-28 00:21:09,937 INFO org.apache.hadoop.mapred.Task: Task:attempt_local2065354376_0001_m_000000_0 is done. And is in the process of committing
2018-03-28 00:21:09,939 INFO org.apache.hadoop.mapred.LocalJobRunner: map > sort
2018-03-28 00:21:09,939 INFO org.apache.hadoop.mapred.Task: Task 'attempt_local2065354376_0001_m_000000_0' done.
2018-03-28 00:21:09,939 INFO org.apache.hadoop.mapred.LocalJobRunner: Finishing task: attempt_local2065354376_0001_m_000000_0
2018-03-28 00:21:09,940 INFO org.apache.hadoop.mapred.LocalJobRunner: map task executor complete.
2018-03-28 00:21:09,956 INFO org.apache.hadoop.mapred.LocalJobRunner: Waiting for reduce tasks
2018-03-28 00:21:09,957 INFO org.apache.hadoop.mapred.LocalJobRunner: Starting task: attempt_local2065354376_0001_r_000000_0
2018-03-28 00:21:09,969 INFO org.apache.hadoop.mapreduce.lib.output.FileOutputCommitter: File Output Committer Algorithm version is 1
2018-03-28 00:21:09,970 INFO org.apache.hadoop.mapred.Task:  Using ResourceCalculatorProcessTree : [ ]
2018-03-28 00:21:09,976 INFO org.apache.hadoop.mapred.ReduceTask: Using ShuffleConsumerPlugin: org.apache.hadoop.mapreduce.task.reduce.Shuffle@100b7c24
2018-03-28 00:21:10,016 INFO org.apache.hadoop.mapreduce.task.reduce.MergeManagerImpl: MergerManager: memoryLimit=679778688, maxSingleShuffleLimit=169944672, mergeThreshold=448653952, ioSortFactor=10, memToMemMergeOutputsThreshold=10
2018-03-28 00:21:10,022 INFO org.apache.hadoop.mapreduce.task.reduce.EventFetcher: attempt_local2065354376_0001_r_000000_0 Thread started: EventFetcher for fetching Map Completion Events
2018-03-28 00:21:10,075 INFO org.apache.hadoop.mapreduce.task.reduce.MergeManagerImpl: attempt_local2065354376_0001_m_000000_0: Shuffling to disk since 367643152 is greater than maxSingleShuffleLimit (169944672)
2018-03-28 00:21:10,098 INFO org.apache.hadoop.mapreduce.task.reduce.LocalFetcher: localfetcher#1 about to shuffle output of map attempt_local2065354376_0001_m_000000_0 decomp: 367643152 len: 367643156 to DISK
2018-03-28 00:21:10,729 INFO org.apache.hadoop.mapreduce.Job:  map 100% reduce 0%
2018-03-28 00:21:15,978 INFO org.apache.hadoop.mapred.LocalJobRunner: reduce > copy
2018-03-28 00:21:16,218 INFO org.apache.hadoop.mapreduce.task.reduce.OnDiskMapOutput: Read 367643156 bytes from map-output for attempt_local2065354376_0001_m_000000_0
2018-03-28 00:21:16,232 INFO org.apache.hadoop.mapreduce.task.reduce.EventFetcher: EventFetcher is interrupted.. Returning
2018-03-28 00:21:16,233 INFO org.apache.hadoop.mapred.LocalJobRunner: 1 / 1 copied.
2018-03-28 00:21:16,233 INFO org.apache.hadoop.mapreduce.task.reduce.MergeManagerImpl: finalMerge called with 0 in-memory map-outputs and 1 on-disk map-outputs
2018-03-28 00:21:16,234 INFO org.apache.hadoop.mapreduce.task.reduce.MergeManagerImpl: Merging 1 files, 367643156 bytes from disk
2018-03-28 00:21:16,234 INFO org.apache.hadoop.mapreduce.task.reduce.MergeManagerImpl: Merging 0 segments, 0 bytes from memory into reduce
2018-03-28 00:21:16,235 INFO org.apache.hadoop.mapred.Merger: Merging 1 sorted segments
2018-03-28 00:21:16,235 INFO org.apache.hadoop.mapred.Merger: Down to the last merge-pass, with 1 segments left of total size: 367643148 bytes
2018-03-28 00:21:16,236 INFO org.apache.hadoop.mapred.LocalJobRunner: 1 / 1 copied.
2018-03-28 00:21:16,252 INFO org.apache.hadoop.conf.Configuration.deprecation: mapred.skip.on is deprecated. Instead, use mapreduce.job.skiprecords
2018-03-28 00:21:18,982 INFO org.apache.hadoop.mapred.LocalJobRunner: reduce > reduce
2018-03-28 00:21:19,734 INFO org.apache.hadoop.mapreduce.Job:  map 100% reduce 68%
2018-03-28 00:21:21,995 INFO org.apache.hadoop.mapred.LocalJobRunner: reduce > reduce
2018-03-28 00:21:22,737 INFO org.apache.hadoop.mapreduce.Job:  map 100% reduce 69%
2018-03-28 00:21:24,996 INFO org.apache.hadoop.mapred.LocalJobRunner: reduce > reduce
2018-03-28 00:21:25,739 INFO org.apache.hadoop.mapreduce.Job:  map 100% reduce 70%
2018-03-28 00:21:27,997 INFO org.apache.hadoop.mapred.LocalJobRunner: reduce > reduce
2018-03-28 00:21:28,741 INFO org.apache.hadoop.mapreduce.Job:  map 100% reduce 72%
2018-03-28 00:21:30,998 INFO org.apache.hadoop.mapred.LocalJobRunner: reduce > reduce
2018-03-28 00:21:31,743 INFO org.apache.hadoop.mapreduce.Job:  map 100% reduce 73%
2018-03-28 00:21:34,000 INFO org.apache.hadoop.mapred.LocalJobRunner: reduce > reduce
2018-03-28 00:21:34,745 INFO org.apache.hadoop.mapreduce.Job:  map 100% reduce 74%
2018-03-28 00:21:37,001 INFO org.apache.hadoop.mapred.LocalJobRunner: reduce > reduce
2018-03-28 00:21:37,747 INFO org.apache.hadoop.mapreduce.Job:  map 100% reduce 76%
2018-03-28 00:21:40,007 INFO org.apache.hadoop.mapred.LocalJobRunner: reduce > reduce
2018-03-28 00:21:40,750 INFO org.apache.hadoop.mapreduce.Job:  map 100% reduce 77%
2018-03-28 00:21:43,009 INFO org.apache.hadoop.mapred.LocalJobRunner: reduce > reduce
2018-03-28 00:21:43,758 INFO org.apache.hadoop.mapreduce.Job:  map 100% reduce 78%
2018-03-28 00:21:46,011 INFO org.apache.hadoop.mapred.LocalJobRunner: reduce > reduce
2018-03-28 00:21:46,761 INFO org.apache.hadoop.mapreduce.Job:  map 100% reduce 79%
2018-03-28 00:21:49,016 INFO org.apache.hadoop.mapred.LocalJobRunner: reduce > reduce
2018-03-28 00:21:49,763 INFO org.apache.hadoop.mapreduce.Job:  map 100% reduce 80%
2018-03-28 00:21:52,017 INFO org.apache.hadoop.mapred.LocalJobRunner: reduce > reduce
2018-03-28 00:21:52,765 INFO org.apache.hadoop.mapreduce.Job:  map 100% reduce 81%
2018-03-28 00:21:55,018 INFO org.apache.hadoop.mapred.LocalJobRunner: reduce > reduce
2018-03-28 00:21:55,777 INFO org.apache.hadoop.mapreduce.Job:  map 100% reduce 82%
2018-03-28 00:21:58,019 INFO org.apache.hadoop.mapred.LocalJobRunner: reduce > reduce
2018-03-28 00:21:58,779 INFO org.apache.hadoop.mapreduce.Job:  map 100% reduce 84%
2018-03-28 00:22:01,022 INFO org.apache.hadoop.mapred.LocalJobRunner: reduce > reduce
2018-03-28 00:22:01,784 INFO org.apache.hadoop.mapreduce.Job:  map 100% reduce 86%
2018-03-28 00:22:04,022 INFO org.apache.hadoop.mapred.LocalJobRunner: reduce > reduce
2018-03-28 00:22:04,787 INFO org.apache.hadoop.mapreduce.Job:  map 100% reduce 87%
2018-03-28 00:22:07,024 INFO org.apache.hadoop.mapred.LocalJobRunner: reduce > reduce
2018-03-28 00:22:07,789 INFO org.apache.hadoop.mapreduce.Job:  map 100% reduce 88%
2018-03-28 00:22:10,026 INFO org.apache.hadoop.mapred.LocalJobRunner: reduce > reduce
2018-03-28 00:22:10,791 INFO org.apache.hadoop.mapreduce.Job:  map 100% reduce 89%
2018-03-28 00:22:13,081 INFO org.apache.hadoop.mapred.LocalJobRunner: reduce > reduce
2018-03-28 00:22:13,794 INFO org.apache.hadoop.mapreduce.Job:  map 100% reduce 91%
2018-03-28 00:22:16,095 INFO org.apache.hadoop.mapred.LocalJobRunner: reduce > reduce
2018-03-28 00:22:16,796 INFO org.apache.hadoop.mapreduce.Job:  map 100% reduce 92%
2018-03-28 00:22:19,096 INFO org.apache.hadoop.mapred.LocalJobRunner: reduce > reduce
2018-03-28 00:22:19,800 INFO org.apache.hadoop.mapreduce.Job:  map 100% reduce 93%
2018-03-28 00:22:22,097 INFO org.apache.hadoop.mapred.LocalJobRunner: reduce > reduce
2018-03-28 00:22:22,802 INFO org.apache.hadoop.mapreduce.Job:  map 100% reduce 94%
2018-03-28 00:22:25,098 INFO org.apache.hadoop.mapred.LocalJobRunner: reduce > reduce
2018-03-28 00:22:25,804 INFO org.apache.hadoop.mapreduce.Job:  map 100% reduce 96%
2018-03-28 00:22:28,099 INFO org.apache.hadoop.mapred.LocalJobRunner: reduce > reduce
2018-03-28 00:22:28,809 INFO org.apache.hadoop.mapreduce.Job:  map 100% reduce 97%
2018-03-28 00:22:31,099 INFO org.apache.hadoop.mapred.LocalJobRunner: reduce > reduce
2018-03-28 00:22:31,814 INFO org.apache.hadoop.mapreduce.Job:  map 100% reduce 98%
2018-03-28 00:22:34,101 INFO org.apache.hadoop.mapred.LocalJobRunner: reduce > reduce
2018-03-28 00:22:34,823 INFO org.apache.hadoop.mapreduce.Job:  map 100% reduce 99%
2018-03-28 00:22:36,969 INFO org.apache.hadoop.mapred.Task: Task:attempt_local2065354376_0001_r_000000_0 is done. And is in the process of committing
2018-03-28 00:22:36,973 INFO org.apache.hadoop.mapred.LocalJobRunner: reduce > reduce
2018-03-28 00:22:36,973 INFO org.apache.hadoop.mapred.Task: Task attempt_local2065354376_0001_r_000000_0 is allowed to commit now
2018-03-28 00:22:36,974 INFO org.apache.hadoop.mapreduce.lib.output.FileOutputCommitter: Saved output of task 'attempt_local2065354376_0001_r_000000_0' to file:/home/cloudera/workspace/WordCount/output/_temporary/0/task_local2065354376_0001_r_000000
2018-03-28 00:22:36,984 INFO org.apache.hadoop.mapred.LocalJobRunner: reduce > reduce
2018-03-28 00:22:36,990 INFO org.apache.hadoop.mapred.Task: Task 'attempt_local2065354376_0001_r_000000_0' done.
2018-03-28 00:22:36,990 INFO org.apache.hadoop.mapred.LocalJobRunner: Finishing task: attempt_local2065354376_0001_r_000000_0
2018-03-28 00:22:36,991 INFO org.apache.hadoop.mapred.LocalJobRunner: reduce task executor complete.
2018-03-28 00:22:37,826 INFO org.apache.hadoop.mapreduce.Job:  map 100% reduce 100%
2018-03-28 00:22:37,827 INFO org.apache.hadoop.mapreduce.Job: Job job_local2065354376_0001 completed successfully
2018-03-28 00:22:37,853 INFO org.apache.hadoop.mapreduce.Job: Counters: 33
	File System Counters
		FILE: Number of bytes read=1478885484
		FILE: Number of bytes written=1844634236
		FILE: Number of read operations=0
		FILE: Number of large read operations=0
		FILE: Number of write operations=0
	Map-Reduce Framework
		Map input records=49995
		Map output records=23570682
		Map output bytes=320501786
		Map output materialized bytes=367643156
		Input split bytes=128
		Combine input records=0
		Combine output records=0
		Reduce input groups=49124
		Reduce shuffle bytes=367643156
		Reduce input records=23570682
		Reduce output records=49124
		Spilled Records=70712046
		Shuffled Maps =1
		Failed Shuffles=0
		Merged Map outputs=1
		GC time elapsed (ms)=1833
		CPU time spent (ms)=0
		Physical memory (bytes) snapshot=0
		Virtual memory (bytes) snapshot=0
		Total committed heap usage (bytes)=331227136
	Shuffle Errors
		BAD_ID=0
		CONNECTION=0
		IO_ERROR=0
		WRONG_LENGTH=0
		WRONG_MAP=0
		WRONG_REDUCE=0
	File Input Format Counters 
		Bytes Read=4156181
	File Output Format Counters 
		Bytes Written=3014566
